<?xml version="1.0" encoding="UTF-8"?>
<!-- Generated by org.testng.reporters.JUnitReportReporter -->
<testsuite hostname="AyeshAmir" failures="0" tests="2" name="testCases.TCOO2_LoginTest" time="4.032" errors="0" timestamp="2025-09-11T19:30:36 IST" skipped="0">
  <testcase classname="testCases.TCOO2_LoginTest" name="verifyLoginTest" time="1.495"/>
  <testcase classname="testCases.TCOO2_LoginTest" name="verifyLoginTest" time="2.537"/>
</testsuite> <!-- testCases.TCOO2_LoginTest -->
