<?xml version="1.0" encoding="UTF-8"?>
<!-- Generated by org.testng.reporters.JUnitReportReporter -->
<testsuite hostname="AyeshAmir" failures="0" tests="2" name="testCases.TC001_AccountRegistrationTest" time="11.850" errors="0" timestamp="2025-09-11T19:30:36 IST" skipped="0">
  <testcase classname="testCases.TC001_AccountRegistrationTest" name="verify_account_registration" time="6.765"/>
  <testcase classname="testCases.TC001_AccountRegistrationTest" name="verify_account_registration" time="5.085"/>
</testsuite> <!-- testCases.TC001_AccountRegistrationTest -->
