<?xml version="1.0" encoding="UTF-8"?>
<!-- Generated by org.testng.reporters.JUnitReportReporter -->
<testsuite hostname="AyeshAmir" failures="0" tests="1" name="testCases.TCOO2_LoginTest" time="1.852" errors="0" timestamp="2025-09-12T18:17:22 IST" skipped="0">
  <testcase classname="testCases.TCOO2_LoginTest" name="verifyLoginTest" time="1.852"/>
</testsuite> <!-- testCases.TCOO2_LoginTest -->
